Z PR AL
Z PR AL
A = 102198
BD = 96
BP = 0, 0
BY = 0
C1 = 0
CE = 1
CK = 0
CM = 0
CR = 1.000
CW = 10
D1 = 0
D2 = 0
D3 = 0
D4 = 0
D5 = 0
D9 = 0
D10 = 0
D11 = 0
D12 = 0
D = 182285
DE = 1
DG = 1
DN = "Z"
EF = 0
EM = 2
ER = 37
ES = 1
FC = 0
FM = 2
HC = 5
HT = 500
I1 = 0
I2 = 0
I3 = 1
I4 = 0
I5 = 982
I9 = 0
I10 = 0
I11 = 0
I12 = 0
IF = 0
IH = 15
IL = 15
IN = 255
JE = 0
LK = 0
LM = 4
MD = MA
MP = 0
MS = 256
MT = 0
MV = 0
NE = 1
P = 0
PC = 0
PY = 1
QD = 0
R1 = 0
R2 = 0
R3 = 0
R4 = 0
RC = 80
S1 = 2, 0, 1
S2 = 3, 0, 1
S3 = 1, 1, 0
S4 = 0, 0, 0
S5 = 9, 0
S7 = 34, 0
S8 = 34, 0
S9 = 0, 0, 0
S10 = 0, 0, 0
S11 = 0, 0, 0
S12 = 0, 0, 0
S13 = 60, 0
TC = 0
TE = 0
TI = 0, 0
TP = 0, 0
TR = 0, 0, 0
TT = 0, 0
V = 0
VC = 0
VI = 49
VM = 25599
VR = 3.014

X PR AL
A = 204397
BD = 96
BP = 0, 0
BY = 0
C1 = 34132
CE = 1
CK = 0
CM = 0
CR = 1.000
CW = 10
D1 = 0
D2 = 0
D3 = 0
D4 = 0
D5 = 0
D9 = 0
D10 = 0
D11 = 0
D12 = 0
D = 408800
DE = 1
DG = 1
DN = "X"
EF = 1
EM = 2
ER = 37
ES = 1
FC = 0
FM = 2
HC = 5
HT = 500
I1 = 1
I2 = 0
I3 = 1
I4 = 0
I5 = 1023
I9 = 0
I10 = 0
I11 = 0
I12 = 0
IF = 0
IH = 15
IL = 14
IN = 254
JE = 0
LK = 0
LM = 4
MD = MA
MP = 0
MS = 256
MT = 0
MV = 0
NE = 1
P = 34132
PC = 0
PY = 1
QD = 0
R1 = 0
R2 = 0
R3 = 0
R4 = 0
RC = 80
S1 = 2, 0, 1
S2 = 3, 0, 1
S3 = 1, 1, 0
S4 = 0, 0, 0
S5 = 9, 0
S7 = 34, 0
S8 = 34, 0
S9 = 0, 0, 0
S10 = 0, 0, 0
S11 = 0, 0, 0
S12 = 0, 0, 0
S13 = 60, 0
TC = 0
TE = 0
TI = 0, 0
TP = 0, 0
TR = 0, 0, 0
TT = 0, 0
V = 0
VC = 0
VI = 99
VM = 51199
VR = 3.014

X PR AL
A = 204397
BD = 96
BP = 0, 0
BY = 0
C1 = 34132
CE = 1
CK = 0
CM = 0
CR = 1.000
CW = 10
D1 = 0
D2 = 0
D3 = 0
D4 = 0
D5 = 0
D9 = 0
D10 = 0
D11 = 0
D12 = 0
D = 408800
DE = 1
DG = 1
DN = "X"
EF = 0
EM = 2
ER = 37
ES = 1
FC = 0
FM = 2
HC = 5
HT = 500
I1 = 1
I2 = 0
I3 = 1
I4 = 0
I5 = 1023
I9 = 0
I10 = 0
I11 = 0
I12 = 0
IF = 0
IH = 15
IL = 14
IN = 254
JE = 0
LK = 0
LM = 4
MD = MA
MP = 0
MS = 256
MT = 0
MV = 0
NE = 1
P = 34132
PC = 0
PY = 1
QD = 0
R1 = 0
R2 = 0
R3 = 0
R4 = 0
RC = 80
S1 = 2, 0, 1
S2 = 3, 0, 1
S3 = 1, 1, 0
S4 = 0, 0, 0
S5 = 9, 0
S7 = 34, 0
S8 = 34, 0
S9 = 0, 0, 0
S10 = 0, 0, 0
S11 = 0, 0, 0
S12 = 0, 0, 0
S13 = 60, 0
TC = 0
TE = 0
TI = 0, 0
TP = 0, 0
TR = 0, 0, 0
TT = 0, 0
V = 0
VC = 0
VI = 99
VM = 51199
VR = 3.014

A PR AL

A = 153400
BD = 96
BP = 0, 0
BY = 0
C1 = 77046
CE = 1
CK = 0
CM = 0
CR = 1.000
CW = 10
D1 = 0
D2 = 0
D3 = 0
D4 = 0
D5 = 0
D9 = 0
D10 = 0
D11 = 0
D12 = 0
D = 153400
DE = 1
DG = 1
DN = "A"
EF = 1
EM = 1
ER = 20
ES = 1
FC = 0
FM = 2
HC = 5
HT = 500
I1 = 0
I2 = 0
I3 = 1
I4 = 0
I5 = 1023
I9 = 0
I10 = 0
I11 = 0
I12 = 0
IF = 0
IH = 15
IL = 15
IN = 255
JE = 0
LK = 0
LM = 4
MD = MA
MP = 0
MS = 256
MT = 0
MV = 0
NE = 1
P = 77046
PC = 0
PY = 1
QD = 0
R1 = 0
R2 = 0
R3 = 0
R4 = 0
RC = 80
S1 = 2, 0, 1
S2 = 3, 0, 1
S3 = 1, 1, 0
S4 = 0, 0, 0
S5 = 9, 0
S7 = 34, 0
S8 = 34, 0
S9 = 0, 0, 0
S10 = 0, 0, 0
S11 = 0, 0, 0
S12 = 0, 0, 0
S13 = 60, 0
TC = 0
TE = 0
TI = 0, 0
TP = 0, 0
TR = 0, 0, 0
TT = 0, 0
V = 0
VC = 0
VI = 100
VM = 76800
VR = 3.014

B PR AL

A = 613600
BD = 96
BP = 0, 0
BY = 0
C1 = 379409
CE = 1
CK = 0
CM = 0
CR = 1.000
CW = 10
D1 = 0
D2 = 0
D3 = 0
D4 = 0
D5 = 0
D9 = 0
D10 = 0
D11 = 0
D12 = 0
D = 613600
DE = 1
DG = 1
DN = "B"
EF = 1
EM = 1
ER = 20
ES = 1
FC = 0
FM = 2
HC = 5
HT = 500
I1 = 0
I2 = 0
I3 = 1
I4 = 0
I5 = 1023
I9 = 0
I10 = 0
I11 = 0
I12 = 0
IF = 0
IH = 15
IL = 15
IN = 255
JE = 0
LK = 0
LM = 4
MD = MA
MP = 0
MS = 256
MT = 0
MV = 0
NE = 1
P = 379409
PC = 0
PY = 1
QD = 0
R1 = 0
R2 = 0
R3 = 0
R4 = 0
RC = 80
S1 = 2, 0, 1
S2 = 3, 0, 1
S3 = 1, 1, 0
S4 = 0, 0, 0
S5 = 9, 0
S7 = 34, 0
S8 = 34, 0
S9 = 0, 0, 0
S10 = 0, 0, 0
S11 = 0, 0, 0
S12 = 0, 0, 0
S13 = 60, 0
TC = 0
TE = 0
TI = 0, 0
TP = 0, 0
TR = 0, 0, 0
TT = 0, 0
V = 0
VC = 0
VI = 100
VM = 76800
VR = 3.014

C PR AL

A = 613600
BD = 96
BP = 0, 0
BY = 0
C1 = 148465
CE = 1
CK = 0
CM = 0
CR = 1.000
CW = 10
D1 = 0
D2 = 0
D3 = 0
D4 = 0
D5 = 0
D9 = 0
D10 = 0
D11 = 0
D12 = 0
D = 613600
DE = 1
DG = 1
DN = "C"
EF = 1
EM = 1
ER = 20
ES = 1
FC = 0
FM = 2
HC = 5
HT = 500
I1 = 0
I2 = 0
I3 = 1
I4 = 0
I5 = 1023
I9 = 0
I10 = 0
I11 = 0
I12 = 0
IF = 0
IH = 15
IL = 15
IN = 255
JE = 0
LK = 0
LM = 4
MD = MA
MP = 0
MS = 256
MT = 0
MV = 0
NE = 1
P = 148465
PC = 0
PY = 1
QD = 0
R1 = 0
R2 = 0
R3 = 0
R4 = 0
RC = 80
S1 = 2, 0, 1
S2 = 3, 0, 1
S3 = 1, 1, 0
S4 = 0, 0, 0
S5 = 9, 0
S7 = 34, 0
S8 = 34, 0
S9 = 0, 0, 0
S10 = 0, 0, 0
S11 = 0, 0, 0
S12 = 0, 0, 0
S13 = 60, 0
TC = 0
TE = 0
TI = 0, 0
TP = 0, 0
TR = 0, 0, 0
TT = 0, 0
V = 0
VC = 0
VI = 100
VM = 76800
VR = 3.014

D PR AL

A = 613600
BD = 96
BP = 0, 0
BY = 0
C1 = 7395
CE = 1
CK = 0
CM = 0
CR = 1.000
CW = 10
D1 = 0
D2 = 0
D3 = 0
D4 = 0
D5 = 0
D9 = 0
D10 = 0
D11 = 0
D12 = 0
D = 613600
DE = 1
DG = 1
DN = "D"
EF = 1
EM = 1
ER = 20
ES = 1
FC = 0
FM = 2
HC = 5
HT = 500
I1 = 0
I2 = 0
I3 = 1
I4 = 0
I5 = 1018
I9 = 0
I10 = 0
I11 = 0
I12 = 0
IF = 0
IH = 15
IL = 15
IN = 255
JE = 0
LK = 0
LM = 4
MD = MA
MP = 0
MS = 256
MT = 0
MV = 0
NE = 1
P = 7395
PC = 0
PY = 1
QD = 0
R1 = 0
R2 = 0
R3 = 0
R4 = 0
RC = 80
S1 = 2, 0, 1
S2 = 3, 0, 1
S3 = 1, 1, 0
S4 = 0, 0, 0
S5 = 9, 0
S7 = 34, 0
S8 = 34, 0
S9 = 0, 0, 0
S10 = 0, 0, 0
S11 = 0, 0, 0
S12 = 0, 0, 0
S13 = 60, 0
TC = 0
TE = 0
TI = 0, 0
TP = 0, 0
TR = 0, 0, 0
TT = 0, 0
V = 0
VC = 0
VI = 100
VM = 76800
VR = 3.014

E PR AL

A = 613600
BD = 96
BP = 0, 0
BY = 0
C1 = 58885
CE = 1
CK = 0
CM = 0
CR = 1.000
CW = 10
D1 = 0
D2 = 0
D3 = 0
D4 = 0
D5 = 0
D9 = 0
D10 = 0
D11 = 0
D12 = 0
D = 613600
DE = 1
DG = 1
DN = "E"
EF = 0
EM = 1
ER = 0
ES = 1
FC = 0
FM = 2
HC = 5
HT = 500
I1 = 0
I2 = 0
I3 = 1
I4 = 0
I5 = 1023
I9 = 0
I10 = 0
I11 = 0
I12 = 0
IF = 0
IH = 15
IL = 15
IN = 255
JE = 0
LK = 0
LM = 4
MD = MA
MP = 0
MS = 256
MT = 0
MV = 0
NE = 1
P = 58885
PC = 0
PY = 1
QD = 0
R1 = 0
R2 = 0
R3 = 0
R4 = 0
RC = 60
S1 = 2, 0, 1
S2 = 3, 0, 1
S3 = 1, 1, 0
S4 = 0, 0, 0
S5 = 9, 0
S7 = 34, 0
S8 = 34, 0
S9 = 0, 0, 0
S10 = 0, 0, 0
S11 = 0, 0, 0
S12 = 0, 0, 0
S13 = 60, 0
TC = 0
TE = 0
TI = 0, 0
TP = 0, 0
TR = 0, 0, 0
TT = 0, 0
V = 0
VC = 0
VI = 100
VM = 76800
VR = 3.014

F PR AL

A = 613600
BD = 96
BP = 0, 0
BY = 0
C1 = -12685
CE = 1
CK = 0
CM = 0
CR = 1.000
CW = 10
D1 = 0
D2 = 0
D3 = 0
D4 = 0
D5 = 0
D9 = 0
D10 = 0
D11 = 0
D12 = 0
D = 613600
DE = 1
DG = 1
DN = "F"
EF = 0
EM = 1
ER = 0
ES = 1
FC = 0
FM = 2
HC = 5
HT = 500
I1 = 0
I2 = 0
I3 = 1
I4 = 0
I5 = 1023
I9 = 0
I10 = 0
I11 = 0
I12 = 0
IF = 0
IH = 15
IL = 15
IN = 255
JE = 0
LK = 0
LM = 4
MD = MA
MP = 0
MS = 256
MT = 0
MV = 0
NE = 1
P = -12685
PC = 0
PY = 1
QD = 0
R1 = 0
R2 = 0
R3 = 0
R4 = 0
RC = 60
S1 = 2, 0, 1
S2 = 3, 0, 1
S3 = 1, 1, 0
S4 = 0, 0, 0
S5 = 9, 0
S7 = 34, 0
S8 = 34, 0
S9 = 0, 0, 0
S10 = 0, 0, 0
S11 = 0, 0, 0
S12 = 0, 0, 0
S13 = 60, 0
TC = 0
TE = 0
TI = 0, 0
TP = 0, 0
TR = 0, 0, 0
TT = 0, 0
V = 0
VC = 0
VI = 100
VM = 76800
VR = 3.014

G PR AL

A = 613600
BD = 96
BP = 0, 0
BY = 0
C1 = -69976
CE = 1
CK = 0
CM = 0
CR = 1.000
CW = 10
D1 = 0
D2 = 0
D3 = 0
D4 = 0
D5 = 0
D9 = 0
D10 = 0
D11 = 0
D12 = 0
D = 613600
DE = 1
DG = 1
DN = "G"
EF = 0
EM = 1
ER = 0
ES = 1
FC = 0
FM = 2
HC = 5
HT = 500
I1 = 0
I2 = 0
I3 = 1
I4 = 0
I5 = 1023
I9 = 0
I10 = 0
I11 = 0
I12 = 0
IF = 0
IH = 15
IL = 15
IN = 255
JE = 0
LK = 0
LM = 4
MD = MA
MP = 0
MS = 256
MT = 0
MV = 0
NE = 1
P = -69976
PC = 0
PY = 1
QD = 0
R1 = 0
R2 = 0
R3 = 0
R4 = 0
RC = 60
S1 = 2, 0, 1
S2 = 3, 0, 1
S3 = 1, 1, 0
S4 = 0, 0, 0
S5 = 9, 0
S7 = 34, 0
S8 = 34, 0
S9 = 0, 0, 0
S10 = 0, 0, 0
S11 = 0, 0, 0
S12 = 0, 0, 0
S13 = 60, 0
TC = 0
TE = 0
TI = 0, 0
TP = 0, 0
TR = 0, 0, 0
TT = 0, 0
V = 0
VC = 0
VI = 100
VM = 76800
VR = 3.014

H PR AL

A = 613600
BD = 96
BP = 0, 0
BY = 0
C1 = -56540
CE = 1
CK = 0
CM = 0
CR = 1.000
CW = 10
D1 = 0
D2 = 0
D3 = 0
D4 = 0
D5 = 0
D9 = 0
D10 = 0
D11 = 0
D12 = 0
D = 613600
DE = 1
DG = 1
DN = "H"
EF = 0
EM = 1
ER = 20
ES = 1
FC = 0
FM = 2
HC = 5
HT = 500
I1 = 0
I2 = 0
I3 = 1
I4 = 0
I5 = 1023
I9 = 0
I10 = 0
I11 = 0
I12 = 0
IF = 0
IH = 15
IL = 15
IN = 255
JE = 0
LK = 0
LM = 4
MD = MA
MP = 0
MS = 256
MT = 0
MV = 0
NE = 1
P = -56540
PC = 0
PY = 1
QD = 0
R1 = 0
R2 = 0
R3 = 0
R4 = 0
RC = 60
S1 = 2, 0, 1
S2 = 3, 0, 1
S3 = 1, 1, 0
S4 = 0, 0, 0
S5 = 9, 0
S7 = 34, 0
S8 = 34, 0
S9 = 0, 0, 0
S10 = 0, 0, 0
S11 = 0, 0, 0
S12 = 0, 0, 0
S13 = 60, 0
TC = 0
TE = 0
TI = 0, 0
TP = 0, 0
TR = 0, 0, 0
TT = 0, 0
V = 0
VC = 0
VI = 100
VM = 76800
VR = 3.014

I PR AL

A = 613600
BD = 96
BP = 0, 0
BY = 0
C1 = 66763
CE = 1
CK = 0
CM = 0
CR = 1.000
CW = 10
D1 = 0
D2 = 0
D3 = 0
D4 = 0
D5 = 0
D9 = 0
D10 = 0
D11 = 0
D12 = 0
D = 613600
DE = 1
DG = 1
DN = "I"
EF = 0
EM = 1
ER = 0
ES = 1
FC = 0
FM = 2
HC = 5
HT = 500
I1 = 0
I2 = 0
I3 = 1
I4 = 0
I5 = 1023
I9 = 0
I10 = 0
I11 = 0
I12 = 0
IF = 0
IH = 15
IL = 15
IN = 255
JE = 0
LK = 0
LM = 4
MD = MA
MP = 0
MS = 256
MT = 0
MV = 0
NE = 1
P = 66763
PC = 0
PY = 1
QD = 0
R1 = 0
R2 = 0
R3 = 0
R4 = 0
RC = 80
S1 = 2, 0, 1
S2 = 3, 0, 1
S3 = 1, 1, 0
S4 = 0, 0, 0
S5 = 9, 0
S7 = 34, 0
S8 = 34, 0
S9 = 0, 0, 0
S10 = 0, 0, 0
S11 = 0, 0, 0
S12 = 0, 0, 0
S13 = 60, 0
TC = 0
TE = 0
TI = 0, 0
TP = 0, 0
TR = 0, 0, 0
TT = 0, 0
V = 0
VC = 0
VI = 100
VM = 76800
VR = 3.014

J PR al

A = 613600
BD = 96
BP = 0, 0
BY = 0
C1 = -57855
CE = 1
CK = 0
CM = 0
CR = 1.000
CW = 10
D1 = 0
D2 = 0
D3 = 0
D4 = 0
D5 = 0
D9 = 0
D10 = 0
D11 = 0
D12 = 0
D = 613600
DE = 1
DG = 1
DN = "J"
EF = 0
EM = 1
ER = 0
ES = 1
FC = 0
FM = 2
HC = 5
HT = 500
I1 = 0
I2 = 0
I3 = 1
I4 = 0
I5 = 1023
I9 = 0
I10 = 0
I11 = 0
I12 = 0
IF = 0
IH = 15
IL = 15
IN = 255
JE = 0
LK = 0
LM = 4
MD = MA
MP = 0
MS = 256
MT = 0
MV = 0
NE = 1
P = -57855
PC = 0
PY = 1
QD = 0
R1 = 0
R2 = 0
R3 = 0
R4 = 0
RC = 80
S1 = 2, 0, 1
S2 = 3, 0, 1
S3 = 1, 1, 0
S4 = 0, 0, 0
S5 = 9, 0
S7 = 34, 0
S8 = 34, 0
S9 = 0, 0, 0
S10 = 0, 0, 0
S11 = 0, 0, 0
S12 = 0, 0, 0
S13 = 60, 0
TC = 0
TE = 0
TI = 0, 0
TP = 0, 0
TR = 0, 0, 0
TT = 0, 0
V = 0
VC = 0
VI = 100
VM = 76800
VR = 3.014

M PR AL

A = 613600
BD = 96
BP = 0, 0
BY = 0
C1 = -207131
CE = 1
CK = 0
CM = 0
CR = 1.000
CW = 10
D1 = 0
D2 = 0
D3 = 0
D4 = 0
D5 = 0
D9 = 0
D10 = 0
D11 = 0
D12 = 0
D = 613600
DE = 1
DG = 1
DN = "M"
EF = 0
EM = 1
ER = 0
ES = 1
FC = 0
FM = 2
HC = 5
HT = 500
I1 = 0
I2 = 0
I3 = 1
I4 = 0
I5 = 1023
I9 = 0
I10 = 0
I11 = 0
I12 = 0
IF = 0
IH = 15
IL = 15
IN = 255
JE = 0
LK = 0
LM = 4
MD = MA
MP = 0
MS = 256
MT = 0
MV = 0
NE = 1
P = -207131
PC = 0
PY = 1
QD = 0
R1 = 0
R2 = 0
R3 = 0
R4 = 0
RC = 80
S1 = 2, 0, 1
S2 = 3, 0, 1
S3 = 1, 1, 0
S4 = 0, 0, 0
S5 = 9, 0
S7 = 34, 0
S8 = 34, 0
S9 = 0, 0, 0
S10 = 0, 0, 0
S11 = 0, 0, 0
S12 = 0, 0, 0
S13 = 60, 0
TC = 0
TE = 0
TI = 0, 0
TP = 0, 0
TR = 0, 0, 0
TT = 0, 0
V = 0
VC = 0
VI = 100
VM = 76800
VR = 3.014

N PR AL

A = 613600
BD = 96
BP = 0, 0
BY = 0
C1 = -106761
CE = 1
CK = 0
CM = 0
CR = 1.000
CW = 10
D1 = 0
D2 = 0
D3 = 0
D4 = 0
D5 = 0
D9 = 0
D10 = 0
D11 = 0
D12 = 0
D = 613600
DE = 1
DG = 1
DN = "N"
EF = 0
EM = 1
ER = 0
ES = 1
FC = 0
FM = 2
HC = 5
HT = 500
I1 = 0
I2 = 0
I3 = 1
I4 = 0
I5 = 1023
I9 = 0
I10 = 0
I11 = 0
I12 = 0
IF = 0
IH = 15
IL = 15
IN = 255
JE = 0
LK = 0
LM = 4
MD = MA
MP = 0
MS = 256
MT = 0
MV = 0
NE = 1
P = -106761
PC = 0
PY = 1
QD = 0
R1 = 0
R2 = 0
R3 = 0
R4 = 0
RC = 80
S1 = 2, 0, 1
S2 = 3, 0, 1
S3 = 1, 1, 0
S4 = 0, 0, 0
S5 = 9, 0
S7 = 34, 0
S8 = 34, 0
S9 = 0, 0, 0
S10 = 0, 0, 0
S11 = 0, 0, 0
S12 = 0, 0, 0
S13 = 60, 0
TC = 0
TE = 0
TI = 0, 0
TP = 0, 0
TR = 0, 0, 0
TT = 0, 0
V = 0
VC = 0
VI = 100
VM = 76800
VR = 3.014

P PR AL

A = 8000
BD = 96
BP = 0, 0
BY = 0
C1 = 146
CE = 1
CK = 0
D1 = 0
D2 = 0
D3 = 0
D4 = 0
D5 = 0
D = 8000
DE = 1
DG = 1
DN = "P"
EF = 0
EM = 1
ER = 82
ES = 1
FM = 2
HC = 5
HT = 500
I1 = 0
I2 = 0
I3 = 1
I4 = 0
I5 = 1023
IF = 0
IL = 12
IN = 12
JE = 0
LK = 0
LM = 4
MD = MA
MP = 0
MS = 16
MT = 0
MV = 0
NE = 1
P = 146
PC = 0
PW = 221, 95, 170, 6
PY = 1
QD = 0
R1 = 0
R2 = 0
R3 = 0
R4 = 0
RC = 22
S1 = 2, 1, 0
S2 = 3, 1, 0
S3 = 1, 1, 0
S4 = 0, 0, 0
S5 = 9, 0
TE = 0
TI = 0, 0
TP = 0, 0
TT = 0, 0
V = 0
VC = 0
VI = 2000
VM = 4000
VR = 3.014

Q PR AL

A = 16000
BD = 96
BP = 0, 0
BY = 0
C1 = -632
CE = 1
CK = 0
D1 = 0
D2 = 0
D3 = 0
D4 = 0
D5 = 0
D = 16000
DE = 1
DG = 1
DN = "Q"
EF = 0
EM = 1
ER = 82
ES = 1
FM = 2
HC = 5
HT = 500
I1 = 0
I2 = 0
I3 = 1
I4 = 0
I5 = 1023
IF = 0
IL = 12
IN = 12
JE = 0
LK = 0
LM = 4
MD = MA
MP = 0
MS = 16
MT = 0
MV = 0
NE = 1
P = -632
PC = 0
PW = 221, 95, 170, 6
PY = 1
QD = 0
R1 = 0
R2 = 0
R3 = 0
R4 = 0
RC = 13
S1 = 2, 1, 0
S2 = 3, 1, 0
S3 = 1, 1, 0
S4 = 0, 0, 0
S5 = 9, 0
TE = 0
TI = 0, 0
TP = 0, 0
TT = 0, 0
V = 0
VC = 0
VI = 2000
VM = 4000
VR = 3.014

L PR al

A = 8000
BD = 96
BP = 0, 0
BY = 0
C1 = 187632
CE = 1
CK = 0
D1 = 0
D2 = 0
D3 = 0
D4 = 0
D5 = 0
D = 8000
DE = 1
DG = 1
DN = "L"
EF = 0
EM = 1
ER = 0
ES = 1
FM = 2
HC = 5
HT = 500
I1 = 0
I2 = 0
I3 = 1
I4 = 0
I5 = 1023
IF = 0
IL = 12
IN = 12
JE = 0
LK = 0
LM = 4
MD = MA
MP = 0
MS = 32
MT = 0
MV = 0
NE = 1
P = 187632
PC = 0
PW = 221, 95, 170, 6
PY = 1
QD = 0
R1 = 0
R2 = 0
R3 = 0
R4 = 0
RC = 47
S1 = 2, 1, 0
S2 = 3, 1, 0
S3 = 1, 1, 0
S4 = 0, 0, 0
S5 = 9, 0
TE = 0
TI = 0, 0
TP = 0, 0
TT = 0, 0
V = 0
VC = 0
VI = 4000
VM = 12000
VR = 3.014

U PR AL

A = 254400
BD = 96
BP = 0, 0
BY = 0
C1 = 0
CE = 1
CK = 0
D1 = 0
D2 = 0
D3 = 0
D4 = 0
D5 = 0
D = 254400
DE = 1
DG = 1
DN = "U"
EF = 0
EM = 1
ER = 0
ES = 1
FM = 2
HC = 0
HT = 500
I1 = 0
I2 = 0
I3 = 1
I4 = 0
I5 = 1022
IF = 0
IL = 12
IN = 12
JE = 0
LK = 0
LM = 4
MD = MA
MP = 0
MS = 32
MT = 0
MV = 0
NE = 1
P = 0
PC = 0
PW = 221, 95, 170, 6
PY = 1
QD = 0
R1 = 0
R2 = 0
R3 = 0
R4 = 0
RC = 23
S1 = 2, 1, 0
S2 = 3, 1, 0
S3 = 1, 1, 0
S4 = 0, 0, 0
S5 = 9, 0
TE = 0
TI = 0, 0
TP = 0, 0
TT = 0, 0
V = 0
VC = 0
VI = 200
VM = 32000
VR = 3.014

V PR AL

A = 606400
BD = 96
BP = 0, 0
BY = 0
C1 = 0
CE = 1
CK = 0
D1 = 0
D2 = 0
D3 = 0
D4 = 0
D5 = 0
D = 606400
DE = 1
DG = 1
DN = "V"
EF = 0
EM = 1
ER = 0
ES = 1
FM = 2
HC = 5
HT = 500
I1 = 0
I2 = 0
I3 = 1
I4 = 0
I5 = 1023
IF = 0
IL = 12
IN = 12
JE = 0
LK = 0
LM = 4
MD = MA
MP = 0
MS = 32
MT = 0
MV = 0
NE = 1
P = 0
PC = 0
PW = 221, 95, 170, 6
PY = 1
QD = 0
R1 = 0
R2 = 0
R3 = 0
R4 = 0
RC = 90
S1 = 2, 1, 0
S2 = 3, 1, 0
S3 = 1, 1, 0
S4 = 0, 0, 0
S5 = 9, 0
TE = 0
TI = 0, 0
TP = 0, 0
TT = 0, 0
V = 0
VC = 0
VI = 200
VM = 76000
VR = 3.014

W PR AL

A = 1198400
AJ = 0
AO = 0
AT = 1
AV = 0
BD = 96
BE = 0
BL = 0
BM = 1
BP = 0, 0
BY = 0
C1 = 6739942
CE = 1
CK = 0
CW = 10
D1 = 0
D2 = 0
D3 = 0
D4 = 0
D5 = 0
D = 1198400
DE = 1
DG = 1
DJ = 0
DN = "W"
DT = 1
EF = 0
EM = 1
ER = 0
ES = 1
F1 =   0.000000
F2 =   0.000000
F3 =   0.000000
F4 =   0.000000
F5 =   0.000000
F6 =   0.000000
F7 =   0.000000
F8 =   0.000000
FC = 0
FL = 0
FM = 2
FS = 0
HC = 5
HT = 500
I1 = 0
I2 = 0
I3 = 1
I4 = 1
I5 = 4095
IF = 0
IN = 12
IS = 1, 2, 1
IS = 2, 3, 1
IS = 3, 5, 1
IS = 4, 0, 1
IS = 5, 9, 0
IT = 33, 38
JE = 0
LK = 0
LM = 1
LS = 0, 0, 0
LS = 1, 0, 0
MD = MA
MP = 0
MS = 256
MT = 100
MV = 0
NE = 0
OF = 0
OS = 1, 16, 0
OS = 2, 16, 0
OS = 3, 16, 0
OT = 0
P = 6739942
PC = 0
PF = 10, 6, 0, 0
PY = 1
QD = 0
R1 = 0
R2 = 0
R3 = 0
R4 = 0
RA = 1
RC = 50
RD = 0
RN =   0.304819
TC = 0
TE = 0
TI = 0, 0
TM = 0
TP = 0, 0
TR = 0, 0, 0
TT = 0, 0
V = 0
VC = 0
VF = 100
VI = 200
VM = 150000
VR = LMDOM 6.007, Hw: 2.9
VT = 1, 0, 24
WT = 80

